0 info it worked if it ends with ok
1 verbose cli [ 'node', '/usr/local/bin/npm', 'run', 'serve' ]
2 info using npm@2.7.3
3 info using node@v0.12.1
4 verbose node symlink /usr/local/bin/node
5 verbose run-script [ 'preserve', 'serve', 'postserve' ]
6 info preserve sickowl@1.0.0
7 info serve sickowl@1.0.0
8 verbose unsafe-perm in lifecycle true
9 info sickowl@1.0.0 Failed to exec serve script
10 verbose stack Error: sickowl@1.0.0 serve: `node ./server/app`
10 verbose stack Exit status 1
10 verbose stack     at EventEmitter.<anonymous> (/usr/local/lib/node_modules/npm/lib/utils/lifecycle.js:213:16)
10 verbose stack     at EventEmitter.emit (events.js:110:17)
10 verbose stack     at ChildProcess.<anonymous> (/usr/local/lib/node_modules/npm/lib/utils/spawn.js:14:12)
10 verbose stack     at ChildProcess.emit (events.js:110:17)
10 verbose stack     at maybeClose (child_process.js:1008:16)
10 verbose stack     at Process.ChildProcess._handle.onexit (child_process.js:1080:5)
11 verbose pkgid sickowl@1.0.0
12 verbose cwd /Users/catherinet/Development/sickowl
13 error Darwin 14.4.0
14 error argv "node" "/usr/local/bin/npm" "run" "serve"
15 error node v0.12.1
16 error npm  v2.7.3
17 error code ELIFECYCLE
18 error sickowl@1.0.0 serve: `node ./server/app`
18 error Exit status 1
19 error Failed at the sickowl@1.0.0 serve script 'node ./server/app'.
19 error This is most likely a problem with the sickowl package,
19 error not with npm itself.
19 error Tell the author that this fails on your system:
19 error     node ./server/app
19 error You can get their info via:
19 error     npm owner ls sickowl
19 error There is likely additional logging output above.
20 verbose exit [ 1, true ]
